<?xml version="1.0" encoding="UTF-8"?>
<!-- Generated by org.testng.reporters.JUnitXMLReporter -->
<testsuite hostname="LAPTOP-TNCPBSIO" ignored="0" name="EXLTestIE" tests="1" failures="0" timestamp="2019-11-06T01:22:19 IST" time="13.867" errors="0">
  <testcase name="@AfterMethod afterMethod" time="0.004" classname="tests.EXLTest">
    <failure type="java.lang.NullPointerException">
      <![CDATA[java.lang.NullPointerException
at tests.EXLTest.afterMethod(EXLTest.java:71)
at java.util.ArrayList.forEach(ArrayList.java:1257)
... Removed 32 stack frames]]>
    </failure>
  </testcase> <!-- @AfterMethod afterMethod -->
  <testcase name="validateRouteDetails" time="0.048" classname="tests.EXLTest"/>
</testsuite> <!-- EXLTestIE -->
